<?xml version="1.0" encoding="UTF-8"?>
<!-- Generated by org.testng.reporters.JUnitReportReporter -->
<testsuite skipped="0" hostname="Ashisk-kumar.local" name="com.app.tests.HomePageTests" tests="1" failures="0" timestamp="23 May 2020 16:35:09 GMT" time="74.853" errors="0">
  <testcase name="validateHomePage" time="74.853" classname="com.app.tests.HomePageTests"/>
</testsuite> <!-- com.app.tests.HomePageTests -->
